2018-01-09 13:16:13,496 [Worker-6] INFO  c.g.t.t.d.PublishedGradleVersions - Gradle version information cache is out-of-date. Trying to update.
2018-01-09 13:16:17,449 [Worker-6] INFO  c.g.t.t.d.PublishedGradleVersions - Updating Gradle version information cache failed. Using outdated cache.
2018-01-09 13:26:56,510 [Worker-13] INFO  o.e.m.c.i.l.LifecycleMappingFactory - Using org.eclipse.m2e.jdt.JarLifecycleMapping lifecycle mapping for MavenProject: com.sl:chocolatelovebackend:0.0.1-SNAPSHOT @ D:\JAVA NEW\chocolatelovebackend\pom.xml.
2018-01-09 13:27:17,419 [Worker-13] INFO  o.e.m.j.i.AbstractJavaProjectConfigurator - Adding source folder /chocolatelovebackend/src/main/java
2018-01-09 13:27:17,423 [Worker-13] INFO  o.e.m.j.i.AbstractJavaProjectConfigurator - Adding source folder /chocolatelovebackend/src/test/java
2018-01-09 13:27:18,368 [Worker-13] INFO  o.e.m.c.i.p.ProjectConfigurationManager - Imported and configured 1 project(s) in 33 sec
2018-01-09 13:27:20,289 [Worker-18] INFO  o.e.m.c.i.l.LifecycleMappingFactory - Using org.maven.ide.eclipse.wtp.WarLifecycleMapping lifecycle mapping for MavenProject: com.sl:chocolatelove:0.0.1-SNAPSHOT @ D:\JAVA NEW\chocolatelove\pom.xml.
2018-01-09 13:27:31,640 [Worker-18] INFO  o.e.m.j.i.AbstractJavaProjectConfigurator - Adding source folder /chocolatelove/src/main/java
2018-01-09 13:27:31,642 [Worker-18] INFO  o.e.m.j.i.AbstractJavaProjectConfigurator - Adding resource folder /chocolatelove/src/main/resources
2018-01-09 13:27:31,644 [Worker-18] INFO  o.e.m.j.i.AbstractJavaProjectConfigurator - Adding source folder /chocolatelove/src/test/java
2018-01-09 13:27:35,965 [Worker-18] INFO  o.e.m.c.i.p.ProjectConfigurationManager - Imported and configured 1 project(s) in 16 sec
2018-01-09 13:27:40,272 [Worker-19] INFO  o.e.m.c.i.embedder.EclipseLogger - Using 'UTF-8' encoding to copy filtered resources.
2018-01-09 13:27:40,273 [Worker-19] INFO  o.e.m.c.i.embedder.EclipseLogger - skip non existing resourceDirectory D:\JAVA NEW\chocolatelovebackend\src\main\resources
2018-01-09 13:27:40,282 [Worker-19] INFO  o.e.m.c.i.embedder.EclipseLogger - Using 'UTF-8' encoding to copy filtered resources.
2018-01-09 13:27:40,283 [Worker-19] INFO  o.e.m.c.i.embedder.EclipseLogger - skip non existing resourceDirectory D:\JAVA NEW\chocolatelovebackend\src\test\resources
2018-01-09 13:27:44,847 [Worker-21] WARN  o.e.m.c.i.embedder.EclipseLogger - Using platform encoding (Cp1252 actually) to copy filtered resources, i.e. build is platform dependent!
2018-01-09 13:27:44,884 [Worker-21] INFO  o.e.m.c.i.embedder.EclipseLogger - Copying 1 resource
2018-01-09 13:27:44,952 [Worker-21] WARN  o.e.m.c.i.embedder.EclipseLogger - Using platform encoding (Cp1252 actually) to copy filtered resources, i.e. build is platform dependent!
2018-01-09 13:27:44,954 [Worker-21] INFO  o.e.m.c.i.embedder.EclipseLogger - skip non existing resourceDirectory D:\JAVA NEW\chocolatelove\src\test\resources
2018-01-09 13:34:53,588 [Worker-1] INFO  c.g.t.t.d.PublishedGradleVersions - Gradle version information cache is out-of-date. Trying to update.
2018-01-09 13:34:54,077 [Worker-1] INFO  c.g.t.t.d.PublishedGradleVersions - Updating Gradle version information cache failed. Using outdated cache.
2018-01-09 13:35:04,153 [Worker-5] INFO  o.e.m.c.i.embedder.EclipseLogger - Using 'UTF-8' encoding to copy filtered resources.
2018-01-09 13:35:04,192 [Worker-5] INFO  o.e.m.c.i.embedder.EclipseLogger - skip non existing resourceDirectory D:\JAVA NEW\chocolatelovebackend\src\main\resources
2018-01-09 13:35:04,202 [Worker-5] INFO  o.e.m.c.i.embedder.EclipseLogger - Using 'UTF-8' encoding to copy filtered resources.
2018-01-09 13:35:04,202 [Worker-5] INFO  o.e.m.c.i.embedder.EclipseLogger - skip non existing resourceDirectory D:\JAVA NEW\chocolatelovebackend\src\test\resources
2018-01-09 13:35:06,305 [Worker-9] WARN  o.e.m.c.i.embedder.EclipseLogger - Using platform encoding (Cp1252 actually) to copy filtered resources, i.e. build is platform dependent!
2018-01-09 13:35:06,357 [Worker-9] INFO  o.e.m.c.i.embedder.EclipseLogger - Copying 1 resource
2018-01-09 13:35:06,374 [Worker-9] WARN  o.e.m.c.i.embedder.EclipseLogger - Using platform encoding (Cp1252 actually) to copy filtered resources, i.e. build is platform dependent!
2018-01-09 13:35:06,376 [Worker-9] INFO  o.e.m.c.i.embedder.EclipseLogger - skip non existing resourceDirectory D:\JAVA NEW\chocolatelove\src\test\resources
2018-01-09 13:41:45,655 [Worker-32] INFO  o.e.m.i.launch.MavenLaunchDelegate - D:\JAVA NEW\chocolatelove
2018-01-09 13:41:45,656 [Worker-32] INFO  o.e.m.i.launch.MavenLaunchDelegate -  mvn -B clean
2018-01-09 13:41:49,008 [Worker-32] WARN  o.e.m.c.i.embedder.EclipseLogger - Using platform encoding (Cp1252 actually) to copy filtered resources, i.e. build is platform dependent!
2018-01-09 13:41:49,013 [Worker-32] INFO  o.e.m.c.i.embedder.EclipseLogger - Copying 1 resource
2018-01-09 13:41:49,019 [Worker-32] WARN  o.e.m.c.i.embedder.EclipseLogger - Using platform encoding (Cp1252 actually) to copy filtered resources, i.e. build is platform dependent!
2018-01-09 13:41:49,019 [Worker-32] INFO  o.e.m.c.i.embedder.EclipseLogger - skip non existing resourceDirectory D:\JAVA NEW\chocolatelove\src\test\resources
2018-01-09 13:41:49,020 [Worker-32] INFO  o.e.m.w.i.f.ResourceFilteringBuildParticipant - Changed resources require a complete clean of filtered resources of chocolatelove
2018-01-09 13:41:49,022 [Worker-32] INFO  o.e.m.w.i.f.ResourceFilteringBuildParticipant - Executing resource filtering for chocolatelove
2018-01-09 13:41:49,056 [Worker-32] WARN  o.e.m.c.i.embedder.EclipseLogger - Using platform encoding (Cp1252 actually) to copy filtered resources, i.e. build is platform dependent!
2018-01-09 13:42:04,240 [main] INFO  o.e.m2e.actions.ExecutePomAction - Creating new launch configuration
2018-01-09 13:42:17,824 [Worker-27] INFO  o.e.m.i.launch.MavenLaunchDelegate - D:\JAVA NEW\chocolatelove
2018-01-09 13:42:17,824 [Worker-27] INFO  o.e.m.i.launch.MavenLaunchDelegate -  mvn -B clean install
2018-01-10 11:11:33,438 [Worker-6] INFO  c.g.t.t.d.PublishedGradleVersions - Gradle version information cache is out-of-date. Trying to update.
2018-01-10 11:11:37,918 [Worker-6] INFO  c.g.t.t.d.PublishedGradleVersions - Updating Gradle version information cache failed. Using outdated cache.
2018-01-10 11:11:49,257 [Worker-7] INFO  o.e.m.c.i.embedder.EclipseLogger - Using 'UTF-8' encoding to copy filtered resources.
2018-01-10 11:11:49,257 [Worker-7] INFO  o.e.m.c.i.embedder.EclipseLogger - skip non existing resourceDirectory D:\JAVA NEW\chocolatelovebackend\src\main\resources
2018-01-10 11:11:49,261 [Worker-7] INFO  o.e.m.c.i.embedder.EclipseLogger - Using 'UTF-8' encoding to copy filtered resources.
2018-01-10 11:11:49,261 [Worker-7] INFO  o.e.m.c.i.embedder.EclipseLogger - skip non existing resourceDirectory D:\JAVA NEW\chocolatelovebackend\src\test\resources
2018-01-10 11:11:53,513 [Worker-8] WARN  o.e.m.c.i.embedder.EclipseLogger - Using platform encoding (Cp1252 actually) to copy filtered resources, i.e. build is platform dependent!
2018-01-10 11:11:53,537 [Worker-8] INFO  o.e.m.c.i.embedder.EclipseLogger - Copying 1 resource
2018-01-10 11:11:53,553 [Worker-8] WARN  o.e.m.c.i.embedder.EclipseLogger - Using platform encoding (Cp1252 actually) to copy filtered resources, i.e. build is platform dependent!
2018-01-10 11:11:53,553 [Worker-8] INFO  o.e.m.c.i.embedder.EclipseLogger - skip non existing resourceDirectory D:\JAVA NEW\chocolatelove\src\test\resources
2018-01-18 11:13:58,715 [Worker-1] INFO  c.g.t.t.d.PublishedGradleVersions - Gradle version information cache is out-of-date. Trying to update.
2018-01-18 11:14:01,746 [Worker-1] INFO  c.g.t.t.d.PublishedGradleVersions - Updating Gradle version information cache failed. Using outdated cache.
2018-01-18 11:14:23,426 [Worker-4] INFO  o.e.m.c.i.embedder.EclipseLogger - Using 'UTF-8' encoding to copy filtered resources.
2018-01-18 11:14:23,457 [Worker-4] INFO  o.e.m.c.i.embedder.EclipseLogger - skip non existing resourceDirectory D:\JAVA NEW\chocolatelovebackend\src\main\resources
2018-01-18 11:14:23,457 [Worker-4] INFO  o.e.m.c.i.embedder.EclipseLogger - Using 'UTF-8' encoding to copy filtered resources.
2018-01-18 11:14:23,457 [Worker-4] INFO  o.e.m.c.i.embedder.EclipseLogger - skip non existing resourceDirectory D:\JAVA NEW\chocolatelovebackend\src\test\resources
2018-01-18 11:14:26,836 [Worker-8] WARN  o.e.m.c.i.embedder.EclipseLogger - Using platform encoding (Cp1252 actually) to copy filtered resources, i.e. build is platform dependent!
2018-01-18 11:14:26,880 [Worker-8] INFO  o.e.m.c.i.embedder.EclipseLogger - Copying 1 resource
2018-01-18 11:14:26,898 [Worker-8] WARN  o.e.m.c.i.embedder.EclipseLogger - Using platform encoding (Cp1252 actually) to copy filtered resources, i.e. build is platform dependent!
2018-01-18 11:14:26,899 [Worker-8] INFO  o.e.m.c.i.embedder.EclipseLogger - skip non existing resourceDirectory D:\JAVA NEW\chocolatelove\src\test\resources
2018-01-18 13:28:47,909 [Worker-52] INFO  o.e.m.c.i.embedder.EclipseLogger - Using 'UTF-8' encoding to copy filtered resources.
2018-01-18 13:28:47,910 [Worker-52] INFO  o.e.m.c.i.embedder.EclipseLogger - skip non existing resourceDirectory D:\JAVA NEW\chocolatelovebackend\src\main\resources
2018-01-18 13:28:47,912 [Worker-52] INFO  o.e.m.c.i.embedder.EclipseLogger - Using 'UTF-8' encoding to copy filtered resources.
2018-01-18 13:28:47,912 [Worker-52] INFO  o.e.m.c.i.embedder.EclipseLogger - skip non existing resourceDirectory D:\JAVA NEW\chocolatelovebackend\src\test\resources
2018-01-18 13:28:47,927 [Worker-52] WARN  o.e.m.c.i.embedder.EclipseLogger - Using platform encoding (Cp1252 actually) to copy filtered resources, i.e. build is platform dependent!
2018-01-18 13:28:47,931 [Worker-52] INFO  o.e.m.c.i.embedder.EclipseLogger - Copying 0 resource
2018-01-18 13:28:47,933 [Worker-52] WARN  o.e.m.c.i.embedder.EclipseLogger - Using platform encoding (Cp1252 actually) to copy filtered resources, i.e. build is platform dependent!
2018-01-18 13:28:47,934 [Worker-52] INFO  o.e.m.c.i.embedder.EclipseLogger - skip non existing resourceDirectory D:\JAVA NEW\chocolatelove\src\test\resources
2018-01-18 13:35:30,134 [Worker-55] WARN  o.e.m.c.i.embedder.EclipseLogger - Using platform encoding (Cp1252 actually) to copy filtered resources, i.e. build is platform dependent!
2018-01-18 13:35:30,489 [Worker-55] INFO  o.e.m.c.i.embedder.EclipseLogger - Copying 1 resource
2018-01-18 13:35:30,570 [Worker-55] WARN  o.e.m.c.i.embedder.EclipseLogger - Using platform encoding (Cp1252 actually) to copy filtered resources, i.e. build is platform dependent!
2018-01-18 13:35:30,611 [Worker-55] INFO  o.e.m.c.i.embedder.EclipseLogger - skip non existing resourceDirectory D:\JAVA NEW\chocolatelove\src\test\resources
2018-01-19 11:48:20,876 [Worker-3] INFO  c.g.t.t.d.PublishedGradleVersions - Gradle version information cache is out-of-date. Trying to update.
2018-01-19 11:49:18,564 [Worker-8] WARN  o.e.m.c.i.embedder.EclipseLogger - Using platform encoding (Cp1252 actually) to copy filtered resources, i.e. build is platform dependent!
2018-01-19 11:49:18,620 [Worker-8] INFO  o.e.m.c.i.embedder.EclipseLogger - Copying 1 resource
2018-01-19 11:49:18,767 [Worker-8] WARN  o.e.m.c.i.embedder.EclipseLogger - Using platform encoding (Cp1252 actually) to copy filtered resources, i.e. build is platform dependent!
2018-01-19 11:49:18,772 [Worker-8] INFO  o.e.m.c.i.embedder.EclipseLogger - skip non existing resourceDirectory D:\JAVA NEW\chocolatelove\src\test\resources
2018-01-22 10:25:27,252 [Worker-0] INFO  c.g.t.t.d.PublishedGradleVersions - Gradle version information cache is out-of-date. Trying to update.
2018-01-22 10:25:33,878 [Worker-0] INFO  c.g.t.t.d.PublishedGradleVersions - Updating Gradle version information cache failed. Using outdated cache.
2018-01-22 10:26:35,960 [Worker-13] WARN  o.e.m.c.i.embedder.EclipseLogger - Using platform encoding (Cp1252 actually) to copy filtered resources, i.e. build is platform dependent!
2018-01-22 10:26:36,023 [Worker-13] INFO  o.e.m.c.i.embedder.EclipseLogger - Copying 1 resource
2018-01-22 10:26:36,054 [Worker-13] WARN  o.e.m.c.i.embedder.EclipseLogger - Using platform encoding (Cp1252 actually) to copy filtered resources, i.e. build is platform dependent!
2018-01-22 10:26:36,069 [Worker-13] INFO  o.e.m.c.i.embedder.EclipseLogger - skip non existing resourceDirectory D:\JAVA NEW\chocolatelove\src\test\resources
2018-01-22 12:21:49,067 [Worker-33] WARN  o.e.m.c.i.embedder.EclipseLogger - Using platform encoding (Cp1252 actually) to copy filtered resources, i.e. build is platform dependent!
2018-01-22 12:21:49,467 [Worker-33] INFO  o.e.m.c.i.embedder.EclipseLogger - Copying 0 resource
2018-01-22 12:21:49,483 [Worker-33] WARN  o.e.m.c.i.embedder.EclipseLogger - Using platform encoding (Cp1252 actually) to copy filtered resources, i.e. build is platform dependent!
2018-01-22 12:21:49,581 [Worker-33] INFO  o.e.m.c.i.embedder.EclipseLogger - skip non existing resourceDirectory D:\JAVA NEW\chocolatelove\src\test\resources
2018-01-22 12:22:05,351 [Worker-30] WARN  o.e.m.c.i.embedder.EclipseLogger - Using platform encoding (Cp1252 actually) to copy filtered resources, i.e. build is platform dependent!
2018-01-22 12:22:05,449 [Worker-30] INFO  o.e.m.c.i.embedder.EclipseLogger - Copying 0 resource
2018-01-22 12:22:05,455 [Worker-30] WARN  o.e.m.c.i.embedder.EclipseLogger - Using platform encoding (Cp1252 actually) to copy filtered resources, i.e. build is platform dependent!
2018-01-22 12:22:05,492 [Worker-30] INFO  o.e.m.c.i.embedder.EclipseLogger - skip non existing resourceDirectory D:\JAVA NEW\chocolatelove\src\test\resources
2018-01-22 14:04:50,909 [Worker-30] WARN  o.e.m.c.i.embedder.EclipseLogger - Using platform encoding (Cp1252 actually) to copy filtered resources, i.e. build is platform dependent!
2018-01-22 14:04:51,003 [Worker-30] INFO  o.e.m.c.i.embedder.EclipseLogger - Copying 0 resource
2018-01-22 14:04:51,013 [Worker-30] WARN  o.e.m.c.i.embedder.EclipseLogger - Using platform encoding (Cp1252 actually) to copy filtered resources, i.e. build is platform dependent!
2018-01-22 14:04:51,045 [Worker-30] INFO  o.e.m.c.i.embedder.EclipseLogger - skip non existing resourceDirectory D:\JAVA NEW\chocolatelove\src\test\resources
2018-01-22 14:05:16,367 [Worker-30] WARN  o.e.m.c.i.embedder.EclipseLogger - Using platform encoding (Cp1252 actually) to copy filtered resources, i.e. build is platform dependent!
2018-01-22 14:05:16,456 [Worker-30] INFO  o.e.m.c.i.embedder.EclipseLogger - Copying 0 resource
2018-01-22 14:05:16,465 [Worker-30] WARN  o.e.m.c.i.embedder.EclipseLogger - Using platform encoding (Cp1252 actually) to copy filtered resources, i.e. build is platform dependent!
2018-01-22 14:05:16,549 [Worker-30] INFO  o.e.m.c.i.embedder.EclipseLogger - skip non existing resourceDirectory D:\JAVA NEW\chocolatelove\src\test\resources
2018-01-22 14:10:35,279 [Worker-39] WARN  o.e.m.c.i.embedder.EclipseLogger - Using platform encoding (Cp1252 actually) to copy filtered resources, i.e. build is platform dependent!
2018-01-22 14:10:35,529 [Worker-39] INFO  o.e.m.c.i.embedder.EclipseLogger - Copying 0 resource
2018-01-22 14:10:35,533 [Worker-39] WARN  o.e.m.c.i.embedder.EclipseLogger - Using platform encoding (Cp1252 actually) to copy filtered resources, i.e. build is platform dependent!
2018-01-22 14:10:35,621 [Worker-39] INFO  o.e.m.c.i.embedder.EclipseLogger - skip non existing resourceDirectory D:\JAVA NEW\chocolatelove\src\test\resources
2018-01-22 14:11:20,658 [Worker-39] WARN  o.e.m.c.i.embedder.EclipseLogger - Using platform encoding (Cp1252 actually) to copy filtered resources, i.e. build is platform dependent!
2018-01-22 14:11:20,752 [Worker-39] INFO  o.e.m.c.i.embedder.EclipseLogger - Copying 0 resource
2018-01-22 14:11:20,752 [Worker-39] WARN  o.e.m.c.i.embedder.EclipseLogger - Using platform encoding (Cp1252 actually) to copy filtered resources, i.e. build is platform dependent!
2018-01-22 14:11:20,814 [Worker-39] INFO  o.e.m.c.i.embedder.EclipseLogger - skip non existing resourceDirectory D:\JAVA NEW\chocolatelove\src\test\resources
2018-01-22 14:14:09,408 [Worker-38] WARN  o.e.m.c.i.embedder.EclipseLogger - Using platform encoding (Cp1252 actually) to copy filtered resources, i.e. build is platform dependent!
2018-01-22 14:14:09,515 [Worker-38] INFO  o.e.m.c.i.embedder.EclipseLogger - Copying 0 resource
2018-01-22 14:14:09,522 [Worker-38] WARN  o.e.m.c.i.embedder.EclipseLogger - Using platform encoding (Cp1252 actually) to copy filtered resources, i.e. build is platform dependent!
2018-01-22 14:14:09,616 [Worker-38] INFO  o.e.m.c.i.embedder.EclipseLogger - skip non existing resourceDirectory D:\JAVA NEW\chocolatelove\src\test\resources
2018-01-22 14:16:00,626 [Worker-38] WARN  o.e.m.c.i.embedder.EclipseLogger - Using platform encoding (Cp1252 actually) to copy filtered resources, i.e. build is platform dependent!
2018-01-22 14:16:00,663 [Worker-38] INFO  o.e.m.c.i.embedder.EclipseLogger - Copying 0 resource
2018-01-22 14:16:00,668 [Worker-38] WARN  o.e.m.c.i.embedder.EclipseLogger - Using platform encoding (Cp1252 actually) to copy filtered resources, i.e. build is platform dependent!
2018-01-22 14:16:00,702 [Worker-38] INFO  o.e.m.c.i.embedder.EclipseLogger - skip non existing resourceDirectory D:\JAVA NEW\chocolatelove\src\test\resources
2018-01-22 14:16:18,555 [Worker-39] WARN  o.e.m.c.i.embedder.EclipseLogger - Using platform encoding (Cp1252 actually) to copy filtered resources, i.e. build is platform dependent!
2018-01-22 14:16:18,946 [Worker-39] INFO  o.e.m.c.i.embedder.EclipseLogger - Copying 0 resource
2018-01-22 14:16:18,952 [Worker-39] WARN  o.e.m.c.i.embedder.EclipseLogger - Using platform encoding (Cp1252 actually) to copy filtered resources, i.e. build is platform dependent!
2018-01-22 14:16:19,051 [Worker-39] INFO  o.e.m.c.i.embedder.EclipseLogger - skip non existing resourceDirectory D:\JAVA NEW\chocolatelove\src\test\resources
2018-01-22 14:20:18,532 [Worker-39] WARN  o.e.m.c.i.embedder.EclipseLogger - Using platform encoding (Cp1252 actually) to copy filtered resources, i.e. build is platform dependent!
2018-01-22 14:20:18,556 [Worker-39] INFO  o.e.m.c.i.embedder.EclipseLogger - Copying 0 resource
2018-01-22 14:20:18,562 [Worker-39] WARN  o.e.m.c.i.embedder.EclipseLogger - Using platform encoding (Cp1252 actually) to copy filtered resources, i.e. build is platform dependent!
2018-01-22 14:20:18,593 [Worker-39] INFO  o.e.m.c.i.embedder.EclipseLogger - skip non existing resourceDirectory D:\JAVA NEW\chocolatelove\src\test\resources
2018-01-22 14:20:28,635 [Worker-36] WARN  o.e.m.c.i.embedder.EclipseLogger - Using platform encoding (Cp1252 actually) to copy filtered resources, i.e. build is platform dependent!
2018-01-22 14:20:28,928 [Worker-36] INFO  o.e.m.c.i.embedder.EclipseLogger - Copying 0 resource
2018-01-22 14:20:28,934 [Worker-36] WARN  o.e.m.c.i.embedder.EclipseLogger - Using platform encoding (Cp1252 actually) to copy filtered resources, i.e. build is platform dependent!
2018-01-22 14:20:28,965 [Worker-36] INFO  o.e.m.c.i.embedder.EclipseLogger - skip non existing resourceDirectory D:\JAVA NEW\chocolatelove\src\test\resources
2018-01-22 14:22:18,249 [Worker-39] WARN  o.e.m.c.i.embedder.EclipseLogger - Using platform encoding (Cp1252 actually) to copy filtered resources, i.e. build is platform dependent!
2018-01-22 14:22:18,359 [Worker-39] INFO  o.e.m.c.i.embedder.EclipseLogger - Copying 0 resource
2018-01-22 14:22:18,370 [Worker-39] WARN  o.e.m.c.i.embedder.EclipseLogger - Using platform encoding (Cp1252 actually) to copy filtered resources, i.e. build is platform dependent!
2018-01-22 14:22:18,400 [Worker-39] INFO  o.e.m.c.i.embedder.EclipseLogger - skip non existing resourceDirectory D:\JAVA NEW\chocolatelove\src\test\resources
2018-01-22 14:23:37,363 [Worker-47] WARN  o.e.m.c.i.embedder.EclipseLogger - Using platform encoding (Cp1252 actually) to copy filtered resources, i.e. build is platform dependent!
2018-01-22 14:23:37,365 [Worker-47] INFO  o.e.m.c.i.embedder.EclipseLogger - Copying 0 resource
2018-01-22 14:23:37,374 [Worker-47] WARN  o.e.m.c.i.embedder.EclipseLogger - Using platform encoding (Cp1252 actually) to copy filtered resources, i.e. build is platform dependent!
2018-01-22 14:23:37,376 [Worker-47] INFO  o.e.m.c.i.embedder.EclipseLogger - skip non existing resourceDirectory D:\JAVA NEW\chocolatelove\src\test\resources
2018-01-23 12:48:27,233 [Worker-5] INFO  c.g.t.t.d.PublishedGradleVersions - Gradle version information cache is out-of-date. Trying to update.
2018-01-23 12:48:51,404 [Worker-7] WARN  o.e.m.c.i.embedder.EclipseLogger - Using platform encoding (Cp1252 actually) to copy filtered resources, i.e. build is platform dependent!
2018-01-23 12:48:51,446 [Worker-7] INFO  o.e.m.c.i.embedder.EclipseLogger - Copying 1 resource
2018-01-23 12:48:51,538 [Worker-7] WARN  o.e.m.c.i.embedder.EclipseLogger - Using platform encoding (Cp1252 actually) to copy filtered resources, i.e. build is platform dependent!
2018-01-23 12:48:51,540 [Worker-7] INFO  o.e.m.c.i.embedder.EclipseLogger - skip non existing resourceDirectory D:\JAVA NEW\chocolatelove\src\test\resources
2018-01-24 10:12:54,285 [Worker-4] INFO  c.g.t.t.d.PublishedGradleVersions - Gradle version information cache is up-to-date. Trying to read.
2018-01-24 10:13:18,974 [Worker-0] WARN  o.e.m.c.i.embedder.EclipseLogger - Using platform encoding (Cp1252 actually) to copy filtered resources, i.e. build is platform dependent!
2018-01-24 10:13:18,989 [Worker-0] INFO  o.e.m.c.i.embedder.EclipseLogger - Copying 1 resource
2018-01-24 10:13:19,005 [Worker-0] WARN  o.e.m.c.i.embedder.EclipseLogger - Using platform encoding (Cp1252 actually) to copy filtered resources, i.e. build is platform dependent!
2018-01-24 10:13:19,036 [Worker-0] INFO  o.e.m.c.i.embedder.EclipseLogger - skip non existing resourceDirectory D:\JAVA NEW\chocolatelove\src\test\resources
2018-01-24 10:22:13,172 [Worker-16] WARN  o.e.m.c.i.embedder.EclipseLogger - Using platform encoding (Cp1252 actually) to copy filtered resources, i.e. build is platform dependent!
2018-01-24 10:22:13,177 [Worker-16] INFO  o.e.m.c.i.embedder.EclipseLogger - Copying 0 resource
2018-01-24 10:22:13,180 [Worker-16] WARN  o.e.m.c.i.embedder.EclipseLogger - Using platform encoding (Cp1252 actually) to copy filtered resources, i.e. build is platform dependent!
2018-01-24 10:22:13,181 [Worker-16] INFO  o.e.m.c.i.embedder.EclipseLogger - skip non existing resourceDirectory D:\JAVA NEW\chocolatelove\src\test\resources
2018-01-24 10:22:21,120 [Worker-17] WARN  o.e.m.c.i.embedder.EclipseLogger - Using platform encoding (Cp1252 actually) to copy filtered resources, i.e. build is platform dependent!
2018-01-24 10:22:21,121 [Worker-17] INFO  o.e.m.c.i.embedder.EclipseLogger - Copying 0 resource
2018-01-24 10:22:21,123 [Worker-17] WARN  o.e.m.c.i.embedder.EclipseLogger - Using platform encoding (Cp1252 actually) to copy filtered resources, i.e. build is platform dependent!
2018-01-24 10:22:21,124 [Worker-17] INFO  o.e.m.c.i.embedder.EclipseLogger - skip non existing resourceDirectory D:\JAVA NEW\chocolatelove\src\test\resources
2018-01-24 11:42:46,719 [Worker-27] WARN  o.e.m.c.i.embedder.EclipseLogger - Using platform encoding (Cp1252 actually) to copy filtered resources, i.e. build is platform dependent!
2018-01-24 11:42:46,722 [Worker-27] INFO  o.e.m.c.i.embedder.EclipseLogger - Copying 0 resource
2018-01-24 11:42:46,725 [Worker-27] WARN  o.e.m.c.i.embedder.EclipseLogger - Using platform encoding (Cp1252 actually) to copy filtered resources, i.e. build is platform dependent!
2018-01-24 11:42:46,727 [Worker-27] INFO  o.e.m.c.i.embedder.EclipseLogger - skip non existing resourceDirectory D:\JAVA NEW\chocolatelove\src\test\resources
2018-01-24 11:44:00,812 [Worker-23] WARN  o.e.m.c.i.embedder.EclipseLogger - Using platform encoding (Cp1252 actually) to copy filtered resources, i.e. build is platform dependent!
2018-01-24 11:44:00,815 [Worker-23] INFO  o.e.m.c.i.embedder.EclipseLogger - Copying 0 resource
2018-01-24 11:44:00,817 [Worker-23] WARN  o.e.m.c.i.embedder.EclipseLogger - Using platform encoding (Cp1252 actually) to copy filtered resources, i.e. build is platform dependent!
2018-01-24 11:44:00,818 [Worker-23] INFO  o.e.m.c.i.embedder.EclipseLogger - skip non existing resourceDirectory D:\JAVA NEW\chocolatelove\src\test\resources
2018-01-24 12:01:15,214 [Worker-32] WARN  o.e.m.c.i.embedder.EclipseLogger - Using platform encoding (Cp1252 actually) to copy filtered resources, i.e. build is platform dependent!
2018-01-24 12:01:15,221 [Worker-32] INFO  o.e.m.c.i.embedder.EclipseLogger - Copying 0 resource
2018-01-24 12:01:15,225 [Worker-32] WARN  o.e.m.c.i.embedder.EclipseLogger - Using platform encoding (Cp1252 actually) to copy filtered resources, i.e. build is platform dependent!
2018-01-24 12:01:15,226 [Worker-32] INFO  o.e.m.c.i.embedder.EclipseLogger - skip non existing resourceDirectory D:\JAVA NEW\chocolatelove\src\test\resources
2018-01-24 13:33:29,487 [Worker-46] WARN  o.e.m.c.i.embedder.EclipseLogger - Using platform encoding (Cp1252 actually) to copy filtered resources, i.e. build is platform dependent!
2018-01-24 13:33:29,526 [Worker-46] INFO  o.e.m.c.i.embedder.EclipseLogger - Copying 0 resource
2018-01-24 13:33:29,532 [Worker-46] WARN  o.e.m.c.i.embedder.EclipseLogger - Using platform encoding (Cp1252 actually) to copy filtered resources, i.e. build is platform dependent!
2018-01-24 13:33:29,534 [Worker-46] INFO  o.e.m.c.i.embedder.EclipseLogger - skip non existing resourceDirectory D:\JAVA NEW\chocolatelove\src\test\resources
2018-01-24 16:11:38,141 [Worker-3] INFO  c.g.t.t.d.PublishedGradleVersions - Gradle version information cache is out-of-date. Trying to update.
2018-01-24 16:11:40,455 [Worker-3] INFO  c.g.t.t.d.PublishedGradleVersions - Updating Gradle version information cache failed. Using outdated cache.
2018-01-24 16:11:59,793 [Worker-1] WARN  o.e.m.c.i.embedder.EclipseLogger - Using platform encoding (Cp1252 actually) to copy filtered resources, i.e. build is platform dependent!
2018-01-24 16:11:59,808 [Worker-1] INFO  o.e.m.c.i.embedder.EclipseLogger - Copying 1 resource
2018-01-24 16:11:59,851 [Worker-1] WARN  o.e.m.c.i.embedder.EclipseLogger - Using platform encoding (Cp1252 actually) to copy filtered resources, i.e. build is platform dependent!
2018-01-24 16:11:59,852 [Worker-1] INFO  o.e.m.c.i.embedder.EclipseLogger - skip non existing resourceDirectory D:\JAVA NEW\chocolatelove\src\test\resources
2018-01-25 09:32:32,520 [Worker-0] INFO  c.g.t.t.d.PublishedGradleVersions - Gradle version information cache is out-of-date. Trying to update.
2018-01-25 09:32:34,661 [Worker-0] INFO  c.g.t.t.d.PublishedGradleVersions - Updating Gradle version information cache failed. Using outdated cache.
2018-01-25 09:33:04,989 [Worker-1] WARN  o.e.m.c.i.embedder.EclipseLogger - Using platform encoding (Cp1252 actually) to copy filtered resources, i.e. build is platform dependent!
2018-01-25 09:33:05,025 [Worker-1] INFO  o.e.m.c.i.embedder.EclipseLogger - Copying 1 resource
2018-01-25 09:33:05,035 [Worker-1] WARN  o.e.m.c.i.embedder.EclipseLogger - Using platform encoding (Cp1252 actually) to copy filtered resources, i.e. build is platform dependent!
2018-01-25 09:33:05,035 [Worker-1] INFO  o.e.m.c.i.embedder.EclipseLogger - skip non existing resourceDirectory D:\JAVA NEW\chocolatelove\src\test\resources
2018-01-25 10:39:04,515 [Worker-9] WARN  o.e.m.c.i.embedder.EclipseLogger - Using platform encoding (Cp1252 actually) to copy filtered resources, i.e. build is platform dependent!
2018-01-25 10:39:04,533 [Worker-9] INFO  o.e.m.c.i.embedder.EclipseLogger - Copying 1 resource
2018-01-25 10:39:04,548 [Worker-9] WARN  o.e.m.c.i.embedder.EclipseLogger - Using platform encoding (Cp1252 actually) to copy filtered resources, i.e. build is platform dependent!
2018-01-25 10:39:04,549 [Worker-9] INFO  o.e.m.c.i.embedder.EclipseLogger - skip non existing resourceDirectory D:\JAVA NEW\chocolatelove\src\test\resources
2018-01-25 10:40:02,785 [Worker-10] INFO  c.g.t.t.d.PublishedGradleVersions - Gradle version information cache is out-of-date. Trying to update.
2018-01-25 10:40:03,973 [Worker-10] INFO  c.g.t.t.d.PublishedGradleVersions - Updating Gradle version information cache failed. Using outdated cache.
2018-01-25 12:14:53,849 [Worker-4] INFO  c.g.t.t.d.PublishedGradleVersions - Gradle version information cache is out-of-date. Trying to update.
2018-01-25 12:15:10,283 [Worker-4] INFO  c.g.t.t.d.PublishedGradleVersions - Updating Gradle version information cache failed. Using outdated cache.
2018-01-25 12:16:19,311 [Worker-10] WARN  o.e.m.c.i.embedder.EclipseLogger - Using platform encoding (Cp1252 actually) to copy filtered resources, i.e. build is platform dependent!
2018-01-25 12:16:21,102 [Worker-10] INFO  o.e.m.c.i.embedder.EclipseLogger - Copying 1 resource
2018-01-25 12:16:22,305 [Worker-10] WARN  o.e.m.c.i.embedder.EclipseLogger - Using platform encoding (Cp1252 actually) to copy filtered resources, i.e. build is platform dependent!
2018-01-25 12:16:22,442 [Worker-10] INFO  o.e.m.c.i.embedder.EclipseLogger - skip non existing resourceDirectory D:\JAVA NEW\chocolatelove\src\test\resources
